<?xml version="1.0" encoding="UTF-8"?>
<!-- Generated by org.testng.reporters.JUnitReportReporter -->
<testsuite skipped="0" hostname="DESKTOP-11SJ4LJ" name="testcases.WeatherSearchByCityTest" tests="1" failures="0" timestamp="17 Feb 2022 17:36:14 GMT" time="9.149" errors="0">
  <testcase name="weatherSearch" time="9.149" classname="testcases.WeatherSearchByCityTest"/>
</testsuite> <!-- testcases.WeatherSearchByCityTest -->
